Using pre-set license
Built from '2020.3/staging' branch; Version is '2020.3.17f1 (a4537701e4ab) revision 10769271'; Using compiler version '192528614'; Build Type 'Release'
OS: 'Windows 10 Home; OS build 19043.1415; Version 2009; 64bit' Language: 'en' Physical Memory: 10185 MB
BatchMode: 1, IsHumanControllingUs: 0, StartBugReporterOnCrash: 0, Is64bit: 1, IsPro: 0

COMMAND LINE ARGUMENTS:
C:\Program Files\Unity\Hub\Editor\2020.3.17f1\Editor\Unity.exe
-adb2
-batchMode
-noUpm
-name
AssetImportWorker0
-projectPath
C:/Users/leona/Documents/JumpJump
-logFile
Logs/AssetImportWorker0.log
-srvPort
50287
Successfully changed project path to: C:/Users/leona/Documents/JumpJump
C:/Users/leona/Documents/JumpJump
Using Asset Import Pipeline V2.
Refreshing native plugins compatible for Editor in 476.70 ms, found 3 plugins.
Preloading 0 native plugins for Editor in 0.00 ms.
Initialize engine version: 2020.3.17f1 (a4537701e4ab)
[Subsystems] Discovering subsystems at path C:/Program Files/Unity/Hub/Editor/2020.3.17f1/Editor/Data/Resources/UnitySubsystems
[Subsystems] Discovering subsystems at path C:/Users/leona/Documents/JumpJump/Assets
GfxDevice: creating device client; threaded=0
Direct3D:
    Version:  Direct3D 11.0 [level 11.1]
    Renderer: NVIDIA GeForce GTX 1050 Ti (ID=0x1c82)
    Vendor:   
    VRAM:     4019 MB
    Driver:   30.0.14.9709
Initialize mono
Mono path[0] = 'C:/Program Files/Unity/Hub/Editor/2020.3.17f1/Editor/Data/Managed'
Mono path[1] = 'C:/Program Files/Unity/Hub/Editor/2020.3.17f1/Editor/Data/MonoBleedingEdge/lib/mono/unityjit'
Mono config path = 'C:/Program Files/Unity/Hub/Editor/2020.3.17f1/Editor/Data/MonoBleedingEdge/etc'
Using monoOptions --debugger-agent=transport=dt_socket,embedding=1,server=y,suspend=n,address=127.0.0.1:56144
Begin MonoManager ReloadAssembly
Registering precompiled unity dll's ...
Register platform support module: C:/Program Files/Unity/Hub/Editor/2020.3.17f1/Editor/Data/PlaybackEngines/MacStandaloneSupport/UnityEditor.OSXStandalone.Extensions.dll
Register platform support module: C:/Program Files/Unity/Hub/Editor/2020.3.17f1/Editor/Data/PlaybackEngines/WindowsStandaloneSupport/UnityEditor.WindowsStandalone.Extensions.dll
Register platform support module: C:/Program Files/Unity/Hub/Editor/2020.3.17f1/Editor/Data/PlaybackEngines/LinuxStandaloneSupport/UnityEditor.LinuxStandalone.Extensions.dll
Registered in 0.013011 seconds.
Native extension for LinuxStandalone target not found
Native extension for WindowsStandalone target not found
Native extension for OSXStandalone target not found
Refreshing native plugins compatible for Editor in 284.05 ms, found 3 plugins.
Preloading 0 native plugins for Editor in 0.00 ms.
Mono: successfully reloaded assembly
- Completed reload, in  6.372 seconds
Domain Reload Profiling:
	ReloadAssembly (6372ms)
		BeginReloadAssembly (267ms)
			ExecutionOrderSort (0ms)
			DisableScriptedObjects (0ms)
			BackupInstance (0ms)
			ReleaseScriptingObjects (0ms)
			CreateAndSetChildDomain (3ms)
		EndReloadAssembly (1824ms)
			LoadAssemblies (257ms)
			RebuildTransferFunctionScriptingTraits (0ms)
			SetupTypeCache (637ms)
			ReleaseScriptCaches (0ms)
			RebuildScriptCaches (138ms)
			SetupLoadedEditorAssemblies (734ms)
				LogAssemblyErrors (0ms)
				InitializePlatformSupportModulesInManaged (22ms)
				SetLoadedEditorAssemblies (1ms)
				RefreshPlugins (284ms)
				BeforeProcessingInitializeOnLoad (43ms)
				ProcessInitializeOnLoadAttributes (268ms)
				ProcessInitializeOnLoadMethodAttributes (114ms)
				AfterProcessingInitializeOnLoad (0ms)
				EditorAssembliesLoaded (1ms)
			ExecutionOrderSort2 (0ms)
			AwakeInstancesAfterBackupRestoration (0ms)
Platform modules already initialized, skipping
Registering precompiled user dll's ...
Registered in 0.025655 seconds.
Begin MonoManager ReloadAssembly
Native extension for LinuxStandalone target not found
Native extension for WindowsStandalone target not found
Native extension for OSXStandalone target not found
Refreshing native plugins compatible for Editor in 280.05 ms, found 3 plugins.
Preloading 0 native plugins for Editor in 0.00 ms.
Mono: successfully reloaded assembly
- Completed reload, in  5.227 seconds
Domain Reload Profiling:
	ReloadAssembly (5231ms)
		BeginReloadAssembly (452ms)
			ExecutionOrderSort (0ms)
			DisableScriptedObjects (17ms)
			BackupInstance (0ms)
			ReleaseScriptingObjects (0ms)
			CreateAndSetChildDomain (57ms)
		EndReloadAssembly (4568ms)
			LoadAssemblies (340ms)
			RebuildTransferFunctionScriptingTraits (0ms)
			SetupTypeCache (1416ms)
			ReleaseScriptCaches (2ms)
			RebuildScriptCaches (246ms)
			SetupLoadedEditorAssemblies (2140ms)
				LogAssemblyErrors (0ms)
				InitializePlatformSupportModulesInManaged (25ms)
				SetLoadedEditorAssemblies (1ms)
				RefreshPlugins (280ms)
				BeforeProcessingInitializeOnLoad (386ms)
				ProcessInitializeOnLoadAttributes (1382ms)
				ProcessInitializeOnLoadMethodAttributes (42ms)
				AfterProcessingInitializeOnLoad (22ms)
				EditorAssembliesLoaded (0ms)
			ExecutionOrderSort2 (0ms)
			AwakeInstancesAfterBackupRestoration (20ms)
Platform modules already initialized, skipping
========================================================================
Worker process is ready to serve import requests
Launched and connected shader compiler UnityShaderCompiler.exe after 0.17 seconds
Refreshing native plugins compatible for Editor in 4.51 ms, found 3 plugins.
Preloading 0 native plugins for Editor in 0.00 ms.
Unloading 3803 Unused Serialized files (Serialized files now loaded: 0)
System memory in use before: 157.0 MB.
System memory in use after: 157.3 MB.

Unloading 78 unused Assets to reduce memory usage. Loaded Objects now: 4192.
Total: 13.266600 ms (FindLiveObjects: 0.968300 ms CreateObjectMapping: 0.277600 ms MarkObjects: 11.662500 ms  DeleteObjects: 0.354800 ms)

AssetImportParameters requested are different than current active one (requested -> active):
  custom:framework-win-MediaFoundation: 216162199b28c13a410421893ffa2e32 -> 
  custom:video-decoder-ogg-theora: a1e56fd34408186e4bbccfd4996cb3dc -> 
  custom:container-muxer-webm: aa71ff27fc2769a1b78a27578f13a17b -> 
  custom:container-demuxer-webm: 4f35f7cbe854078d1ac9338744f61a02 -> 
  custom:container-demuxer-ogg: 62fdf1f143b41e24485cea50d1cbac27 -> 
  custom:video-encoder-webm-vp8: eb34c28f22e8b96e1ab97ce403110664 -> 
  custom:video-decoder-webm-vp8: 9c59270c3fd7afecdb556c50c9e8de78 -> 
  custom:audio-decoder-ogg-vorbis: bf7c407c2cedff20999df2af8eb42d56 -> 
  custom:audio-encoder-webm-vorbis: bf7c407c2cedff20999df2af8eb42d56 -> 
========================================================================
Received Import Request.
  path: Assets/Input
  artifactKey: Guid(50d91df91eb78b5409ed9f37f33085d4) Importer(815301076,1909f56bfc062723c751e8b465ee728b)
Start importing Assets/Input using Guid(50d91df91eb78b5409ed9f37f33085d4) Importer(815301076,1909f56bfc062723c751e8b465ee728b)  -> (artifact id: 'a9d7057ee647eba49c5e8379acf50294') in 0.043363 seconds 
  Import took 0.064226 seconds .

========================================================================
Received Import Request.
  Time since last request: 44.439939 seconds.
  path: Assets/Input/InputsControls.inputactions
  artifactKey: Guid(b97c6cf61d5f64849975658fe32fc098) Importer(815301076,1909f56bfc062723c751e8b465ee728b)
Start importing Assets/Input/InputsControls.inputactions using Guid(b97c6cf61d5f64849975658fe32fc098) Importer(815301076,1909f56bfc062723c751e8b465ee728b)  -> (artifact id: 'a37b36a6d1898c8842eba119b88aa839') in 0.196446 seconds 
  Import took 0.219424 seconds .

========================================================================
Received Import Request.
  Time since last request: 142.612577 seconds.
  path: Assets/Input/InputsControls.inputactions
  artifactKey: Guid(b97c6cf61d5f64849975658fe32fc098) Importer(815301076,1909f56bfc062723c751e8b465ee728b)
Start importing Assets/Input/InputsControls.inputactions using Guid(b97c6cf61d5f64849975658fe32fc098) Importer(815301076,1909f56bfc062723c751e8b465ee728b)  -> (artifact id: '2d80be216ea353df1b8c43c3151b845a') in 0.040038 seconds 
  Import took 0.101404 seconds .

========================================================================
Received Import Request.
  Time since last request: 3.136331 seconds.
  path: Assets/Input/InputsControls.inputactions
  artifactKey: Guid(b97c6cf61d5f64849975658fe32fc098) Importer(815301076,1909f56bfc062723c751e8b465ee728b)
Start importing Assets/Input/InputsControls.inputactions using Guid(b97c6cf61d5f64849975658fe32fc098) Importer(815301076,1909f56bfc062723c751e8b465ee728b)  -> (artifact id: 'a08e92157b8252a8a64a386ae5c8e275') in 0.059079 seconds 
  Import took 0.098933 seconds .

========================================================================
Received Import Request.
  Time since last request: 2.770395 seconds.
  path: Assets/Input/InputsControls.inputactions
  artifactKey: Guid(b97c6cf61d5f64849975658fe32fc098) Importer(815301076,1909f56bfc062723c751e8b465ee728b)
Start importing Assets/Input/InputsControls.inputactions using Guid(b97c6cf61d5f64849975658fe32fc098) Importer(815301076,1909f56bfc062723c751e8b465ee728b)  -> (artifact id: 'bd423d3645beace179fffacdffb9e60d') in 0.058869 seconds 
  Import took 0.164411 seconds .

========================================================================
Received Import Request.
  Time since last request: 13.815211 seconds.
  path: Assets/Input/InputsControls.inputactions
  artifactKey: Guid(b97c6cf61d5f64849975658fe32fc098) Importer(815301076,1909f56bfc062723c751e8b465ee728b)
Start importing Assets/Input/InputsControls.inputactions using Guid(b97c6cf61d5f64849975658fe32fc098) Importer(815301076,1909f56bfc062723c751e8b465ee728b)  -> (artifact id: 'd2bcbad69f89a9954d9419a6183645ff') in 0.048024 seconds 
  Import took 0.090478 seconds .

========================================================================
Received Import Request.
  Time since last request: 8.452988 seconds.
  path: Assets/Input/InputsControls.inputactions
  artifactKey: Guid(b97c6cf61d5f64849975658fe32fc098) Importer(815301076,1909f56bfc062723c751e8b465ee728b)
Start importing Assets/Input/InputsControls.inputactions using Guid(b97c6cf61d5f64849975658fe32fc098) Importer(815301076,1909f56bfc062723c751e8b465ee728b)  -> (artifact id: 'e9a1121aa9eb0987a14aa49484d22188') in 0.023300 seconds 
  Import took 0.075372 seconds .

========================================================================
Received Import Request.
  Time since last request: 2.255010 seconds.
  path: Assets/Input/InputsControls.inputactions
  artifactKey: Guid(b97c6cf61d5f64849975658fe32fc098) Importer(815301076,1909f56bfc062723c751e8b465ee728b)
Start importing Assets/Input/InputsControls.inputactions using Guid(b97c6cf61d5f64849975658fe32fc098) Importer(815301076,1909f56bfc062723c751e8b465ee728b)  -> (artifact id: 'dfb3098a1a2f7fbf65cc7a828356bf00') in 0.049422 seconds 
  Import took 0.119228 seconds .

========================================================================
Received Import Request.
  Time since last request: 4.257642 seconds.
  path: Assets/Input/InputsControls.inputactions
  artifactKey: Guid(b97c6cf61d5f64849975658fe32fc098) Importer(815301076,1909f56bfc062723c751e8b465ee728b)
Start importing Assets/Input/InputsControls.inputactions using Guid(b97c6cf61d5f64849975658fe32fc098) Importer(815301076,1909f56bfc062723c751e8b465ee728b)  -> (artifact id: '0289d9475cee9e8a344a114ce21730e5') in 0.039431 seconds 
  Import took 0.136915 seconds .

========================================================================
Received Import Request.
  Time since last request: 2.727399 seconds.
  path: Assets/Input/InputsControls.inputactions
  artifactKey: Guid(b97c6cf61d5f64849975658fe32fc098) Importer(815301076,1909f56bfc062723c751e8b465ee728b)
Start importing Assets/Input/InputsControls.inputactions using Guid(b97c6cf61d5f64849975658fe32fc098) Importer(815301076,1909f56bfc062723c751e8b465ee728b)  -> (artifact id: 'b7b071ebbecb8b682be8805b64a09328') in 0.030807 seconds 
  Import took 0.053496 seconds .

========================================================================
Received Import Request.
  Time since last request: 1.764116 seconds.
  path: Assets/Input/InputsControls.inputactions
  artifactKey: Guid(b97c6cf61d5f64849975658fe32fc098) Importer(815301076,1909f56bfc062723c751e8b465ee728b)
Start importing Assets/Input/InputsControls.inputactions using Guid(b97c6cf61d5f64849975658fe32fc098) Importer(815301076,1909f56bfc062723c751e8b465ee728b)  -> (artifact id: 'f3a077d4fb6e939f3f599a631cfaa8b0') in 0.063900 seconds 
  Import took 0.093136 seconds .

========================================================================
Received Import Request.
  Time since last request: 0.002416 seconds.
  path: Assets/Input/InputsControls.inputactions
  artifactKey: Guid(b97c6cf61d5f64849975658fe32fc098) Importer(815301076,1909f56bfc062723c751e8b465ee728b)
Start importing Assets/Input/InputsControls.inputactions using Guid(b97c6cf61d5f64849975658fe32fc098) Importer(815301076,1909f56bfc062723c751e8b465ee728b)  -> (artifact id: 'f3a077d4fb6e939f3f599a631cfaa8b0') in 0.047240 seconds 
  Import took 0.075608 seconds .

========================================================================
Received Import Request.
  Time since last request: 9.515541 seconds.
  path: Assets/Input/InputsControls.inputactions
  artifactKey: Guid(b97c6cf61d5f64849975658fe32fc098) Importer(815301076,1909f56bfc062723c751e8b465ee728b)
Start importing Assets/Input/InputsControls.inputactions using Guid(b97c6cf61d5f64849975658fe32fc098) Importer(815301076,1909f56bfc062723c751e8b465ee728b)  -> (artifact id: '6748f98696dc404fc23df4f845fe4a58') in 0.034041 seconds 
  Import took 0.077964 seconds .

========================================================================
Received Import Request.
  Time since last request: 7.832110 seconds.
  path: Assets/Input/InputsControls.inputactions
  artifactKey: Guid(b97c6cf61d5f64849975658fe32fc098) Importer(815301076,1909f56bfc062723c751e8b465ee728b)
Start importing Assets/Input/InputsControls.inputactions using Guid(b97c6cf61d5f64849975658fe32fc098) Importer(815301076,1909f56bfc062723c751e8b465ee728b)  -> (artifact id: 'd4f90e3479978b88fd1f6b6858791da9') in 0.056745 seconds 
  Import took 0.077540 seconds .

========================================================================
Received Prepare
Registering precompiled user dll's ...
Registered in 0.016622 seconds.
Begin MonoManager ReloadAssembly
Native extension for LinuxStandalone target not found
Native extension for WindowsStandalone target not found
Native extension for OSXStandalone target not found
Refreshing native plugins compatible for Editor in 2.99 ms, found 3 plugins.
Preloading 0 native plugins for Editor in 0.00 ms.
Mono: successfully reloaded assembly
- Completed reload, in  4.681 seconds
Domain Reload Profiling:
	ReloadAssembly (4683ms)
		BeginReloadAssembly (389ms)
			ExecutionOrderSort (0ms)
			DisableScriptedObjects (22ms)
			BackupInstance (0ms)
			ReleaseScriptingObjects (0ms)
			CreateAndSetChildDomain (133ms)
		EndReloadAssembly (3943ms)
			LoadAssemblies (352ms)
			RebuildTransferFunctionScriptingTraits (0ms)
			SetupTypeCache (1288ms)
			ReleaseScriptCaches (5ms)
			RebuildScriptCaches (253ms)
			SetupLoadedEditorAssemblies (1591ms)
				LogAssemblyErrors (0ms)
				InitializePlatformSupportModulesInManaged (23ms)
				SetLoadedEditorAssemblies (1ms)
				RefreshPlugins (3ms)
				BeforeProcessingInitializeOnLoad (379ms)
				ProcessInitializeOnLoadAttributes (1138ms)
				ProcessInitializeOnLoadMethodAttributes (24ms)
				AfterProcessingInitializeOnLoad (23ms)
				EditorAssembliesLoaded (0ms)
			ExecutionOrderSort2 (0ms)
			AwakeInstancesAfterBackupRestoration (29ms)
Platform modules already initialized, skipping
Switching build target platform(19) subTarget(0) extendedPlatform(0) -> platform(13) subTarget(537395200) extendedPlatform(0)
Refreshing native plugins compatible for Editor in 3.94 ms, found 3 plugins.
Preloading 0 native plugins for Editor in 0.00 ms.
Unloading 3727 Unused Serialized files (Serialized files now loaded: 0)
System memory in use before: 148.3 MB.
System memory in use after: 148.5 MB.

Unloading 65 unused Assets to reduce memory usage. Loaded Objects now: 4194.
Total: 12.976400 ms (FindLiveObjects: 1.833700 ms CreateObjectMapping: 1.186700 ms MarkObjects: 9.851000 ms  DeleteObjects: 0.101600 ms)

AssetImportParameters requested are different than current active one (requested -> active):
  custom:framework-win-MediaFoundation: 216162199b28c13a410421893ffa2e32 -> 
  custom:video-decoder-ogg-theora: a1e56fd34408186e4bbccfd4996cb3dc -> 
  custom:container-muxer-webm: aa71ff27fc2769a1b78a27578f13a17b -> 
  custom:container-demuxer-webm: 4f35f7cbe854078d1ac9338744f61a02 -> 
  custom:container-demuxer-ogg: 62fdf1f143b41e24485cea50d1cbac27 -> 
  custom:video-encoder-webm-vp8: eb34c28f22e8b96e1ab97ce403110664 -> 
  custom:video-decoder-webm-vp8: 9c59270c3fd7afecdb556c50c9e8de78 -> 
  custom:graphics/normal-map-encoding: 01000000000000000000000000000000 -> 02000000000000000000000000000000
  custom:audio-decoder-ogg-vorbis: bf7c407c2cedff20999df2af8eb42d56 -> 
  custom:audio-encoder-webm-vorbis: bf7c407c2cedff20999df2af8eb42d56 -> 
========================================================================
Received Prepare
Registering precompiled user dll's ...
Registered in 0.026665 seconds.
Begin MonoManager ReloadAssembly
Native extension for LinuxStandalone target not found
Native extension for WindowsStandalone target not found
Native extension for OSXStandalone target not found
Refreshing native plugins compatible for Editor in 141.35 ms, found 3 plugins.
Preloading 0 native plugins for Editor in 0.00 ms.
Mono: successfully reloaded assembly
- Completed reload, in 11.289 seconds
Domain Reload Profiling:
	ReloadAssembly (11291ms)
		BeginReloadAssembly (533ms)
			ExecutionOrderSort (0ms)
			DisableScriptedObjects (28ms)
			BackupInstance (0ms)
			ReleaseScriptingObjects (0ms)
			CreateAndSetChildDomain (208ms)
		EndReloadAssembly (10417ms)
			LoadAssemblies (581ms)
			RebuildTransferFunctionScriptingTraits (0ms)
			SetupTypeCache (3066ms)
			ReleaseScriptCaches (10ms)
			RebuildScriptCaches (313ms)
			SetupLoadedEditorAssemblies (4987ms)
				LogAssemblyErrors (0ms)
				InitializePlatformSupportModulesInManaged (80ms)
				SetLoadedEditorAssemblies (9ms)
				RefreshPlugins (142ms)
				BeforeProcessingInitializeOnLoad (1484ms)
				ProcessInitializeOnLoadAttributes (3142ms)
				ProcessInitializeOnLoadMethodAttributes (60ms)
				AfterProcessingInitializeOnLoad (70ms)
				EditorAssembliesLoaded (1ms)
			ExecutionOrderSort2 (0ms)
			AwakeInstancesAfterBackupRestoration (110ms)
Platform modules already initialized, skipping
Switching build target platform(19) subTarget(0) extendedPlatform(0) -> platform(13) subTarget(537395200) extendedPlatform(0)
Refreshing native plugins compatible for Editor in 12.09 ms, found 3 plugins.
Preloading 0 native plugins for Editor in 0.00 ms.
Unloading 3727 Unused Serialized files (Serialized files now loaded: 0)
System memory in use before: 148.4 MB.
System memory in use after: 148.6 MB.

Unloading 65 unused Assets to reduce memory usage. Loaded Objects now: 4196.
Total: 32.247900 ms (FindLiveObjects: 1.796200 ms CreateObjectMapping: 0.800700 ms MarkObjects: 29.529400 ms  DeleteObjects: 0.116800 ms)

AssetImportParameters requested are different than current active one (requested -> active):
  custom:framework-win-MediaFoundation: 216162199b28c13a410421893ffa2e32 -> 
  custom:video-decoder-ogg-theora: a1e56fd34408186e4bbccfd4996cb3dc -> 
  custom:container-muxer-webm: aa71ff27fc2769a1b78a27578f13a17b -> 
  custom:container-demuxer-webm: 4f35f7cbe854078d1ac9338744f61a02 -> 
  custom:container-demuxer-ogg: 62fdf1f143b41e24485cea50d1cbac27 -> 
  custom:video-encoder-webm-vp8: eb34c28f22e8b96e1ab97ce403110664 -> 
  custom:video-decoder-webm-vp8: 9c59270c3fd7afecdb556c50c9e8de78 -> 
  custom:graphics/normal-map-encoding: 01000000000000000000000000000000 -> 02000000000000000000000000000000
  custom:audio-decoder-ogg-vorbis: bf7c407c2cedff20999df2af8eb42d56 -> 
  custom:audio-encoder-webm-vorbis: bf7c407c2cedff20999df2af8eb42d56 -> 
========================================================================
Received Prepare
Registering precompiled user dll's ...
Registered in 0.024669 seconds.
Begin MonoManager ReloadAssembly
Native extension for LinuxStandalone target not found
Native extension for WindowsStandalone target not found
Native extension for OSXStandalone target not found
Refreshing native plugins compatible for Editor in 6.14 ms, found 3 plugins.
Preloading 0 native plugins for Editor in 0.00 ms.
Mono: successfully reloaded assembly
- Completed reload, in  8.640 seconds
Domain Reload Profiling:
	ReloadAssembly (8641ms)
		BeginReloadAssembly (1114ms)
			ExecutionOrderSort (0ms)
			DisableScriptedObjects (24ms)
			BackupInstance (0ms)
			ReleaseScriptingObjects (0ms)
			CreateAndSetChildDomain (655ms)
		EndReloadAssembly (7175ms)
			LoadAssemblies (674ms)
			RebuildTransferFunctionScriptingTraits (0ms)
			SetupTypeCache (2005ms)
			ReleaseScriptCaches (16ms)
			RebuildScriptCaches (292ms)
			SetupLoadedEditorAssemblies (3354ms)
				LogAssemblyErrors (0ms)
				InitializePlatformSupportModulesInManaged (24ms)
				SetLoadedEditorAssemblies (2ms)
				RefreshPlugins (8ms)
				BeforeProcessingInitializeOnLoad (604ms)
				ProcessInitializeOnLoadAttributes (2640ms)
				ProcessInitializeOnLoadMethodAttributes (35ms)
				AfterProcessingInitializeOnLoad (40ms)
				EditorAssembliesLoaded (1ms)
			ExecutionOrderSort2 (0ms)
			AwakeInstancesAfterBackupRestoration (58ms)
Platform modules already initialized, skipping
Switching build target platform(19) subTarget(0) extendedPlatform(0) -> platform(13) subTarget(537395200) extendedPlatform(0)
Refreshing native plugins compatible for Editor in 5.86 ms, found 3 plugins.
Preloading 0 native plugins for Editor in 0.00 ms.
Unloading 3727 Unused Serialized files (Serialized files now loaded: 0)
System memory in use before: 148.4 MB.
System memory in use after: 148.6 MB.

Unloading 65 unused Assets to reduce memory usage. Loaded Objects now: 4198.
Total: 19.134100 ms (FindLiveObjects: 1.383100 ms CreateObjectMapping: 0.760500 ms MarkObjects: 16.866800 ms  DeleteObjects: 0.119900 ms)

AssetImportParameters requested are different than current active one (requested -> active):
  custom:framework-win-MediaFoundation: 216162199b28c13a410421893ffa2e32 -> 
  custom:video-decoder-ogg-theora: a1e56fd34408186e4bbccfd4996cb3dc -> 
  custom:container-muxer-webm: aa71ff27fc2769a1b78a27578f13a17b -> 
  custom:container-demuxer-webm: 4f35f7cbe854078d1ac9338744f61a02 -> 
  custom:container-demuxer-ogg: 62fdf1f143b41e24485cea50d1cbac27 -> 
  custom:video-encoder-webm-vp8: eb34c28f22e8b96e1ab97ce403110664 -> 
  custom:video-decoder-webm-vp8: 9c59270c3fd7afecdb556c50c9e8de78 -> 
  custom:graphics/normal-map-encoding: 01000000000000000000000000000000 -> 02000000000000000000000000000000
  custom:audio-decoder-ogg-vorbis: bf7c407c2cedff20999df2af8eb42d56 -> 
  custom:audio-encoder-webm-vorbis: bf7c407c2cedff20999df2af8eb42d56 -> 
========================================================================
Received Prepare
Registering precompiled user dll's ...
Registered in 0.018091 seconds.
Begin MonoManager ReloadAssembly
Native extension for LinuxStandalone target not found
Native extension for WindowsStandalone target not found
Native extension for OSXStandalone target not found
Refreshing native plugins compatible for Editor in 3.63 ms, found 3 plugins.
Preloading 0 native plugins for Editor in 0.00 ms.
Mono: successfully reloaded assembly
- Completed reload, in  7.391 seconds
Domain Reload Profiling:
	ReloadAssembly (7394ms)
		BeginReloadAssembly (855ms)
			ExecutionOrderSort (0ms)
			DisableScriptedObjects (20ms)
			BackupInstance (0ms)
			ReleaseScriptingObjects (0ms)
			CreateAndSetChildDomain (226ms)
		EndReloadAssembly (6197ms)
			LoadAssemblies (739ms)
			RebuildTransferFunctionScriptingTraits (0ms)
			SetupTypeCache (2337ms)
			ReleaseScriptCaches (4ms)
			RebuildScriptCaches (173ms)
			SetupLoadedEditorAssemblies (1860ms)
				LogAssemblyErrors (0ms)
				InitializePlatformSupportModulesInManaged (26ms)
				SetLoadedEditorAssemblies (1ms)
				RefreshPlugins (4ms)
				BeforeProcessingInitializeOnLoad (505ms)
				ProcessInitializeOnLoadAttributes (1263ms)
				ProcessInitializeOnLoadMethodAttributes (39ms)
				AfterProcessingInitializeOnLoad (22ms)
				EditorAssembliesLoaded (1ms)
			ExecutionOrderSort2 (0ms)
			AwakeInstancesAfterBackupRestoration (30ms)
Platform modules already initialized, skipping
Switching build target platform(19) subTarget(0) extendedPlatform(0) -> platform(13) subTarget(537395200) extendedPlatform(0)
Refreshing native plugins compatible for Editor in 7.91 ms, found 3 plugins.
Preloading 0 native plugins for Editor in 0.00 ms.
Unloading 3727 Unused Serialized files (Serialized files now loaded: 0)
System memory in use before: 148.4 MB.
System memory in use after: 148.7 MB.

Unloading 65 unused Assets to reduce memory usage. Loaded Objects now: 4200.
Total: 11.262400 ms (FindLiveObjects: 0.961800 ms CreateObjectMapping: 0.317500 ms MarkObjects: 9.890200 ms  DeleteObjects: 0.089500 ms)

AssetImportParameters requested are different than current active one (requested -> active):
  custom:framework-win-MediaFoundation: 216162199b28c13a410421893ffa2e32 -> 
  custom:video-decoder-ogg-theora: a1e56fd34408186e4bbccfd4996cb3dc -> 
  custom:container-muxer-webm: aa71ff27fc2769a1b78a27578f13a17b -> 
  custom:container-demuxer-webm: 4f35f7cbe854078d1ac9338744f61a02 -> 
  custom:container-demuxer-ogg: 62fdf1f143b41e24485cea50d1cbac27 -> 
  custom:video-encoder-webm-vp8: eb34c28f22e8b96e1ab97ce403110664 -> 
  custom:video-decoder-webm-vp8: 9c59270c3fd7afecdb556c50c9e8de78 -> 
  custom:graphics/normal-map-encoding: 01000000000000000000000000000000 -> 02000000000000000000000000000000
  custom:audio-decoder-ogg-vorbis: bf7c407c2cedff20999df2af8eb42d56 -> 
  custom:audio-encoder-webm-vorbis: bf7c407c2cedff20999df2af8eb42d56 -> 
========================================================================
Received Prepare
Registering precompiled user dll's ...
Registered in 0.046703 seconds.
Begin MonoManager ReloadAssembly
Native extension for LinuxStandalone target not found
Native extension for WindowsStandalone target not found
Native extension for OSXStandalone target not found
Refreshing native plugins compatible for Editor in 4.78 ms, found 3 plugins.
Preloading 0 native plugins for Editor in 0.00 ms.
Mono: successfully reloaded assembly
- Completed reload, in  5.032 seconds
Domain Reload Profiling:
	ReloadAssembly (5034ms)
		BeginReloadAssembly (378ms)
			ExecutionOrderSort (0ms)
			DisableScriptedObjects (22ms)
			BackupInstance (0ms)
			ReleaseScriptingObjects (1ms)
			CreateAndSetChildDomain (138ms)
		EndReloadAssembly (4152ms)
			LoadAssemblies (375ms)
			RebuildTransferFunctionScriptingTraits (0ms)
			SetupTypeCache (1264ms)
			ReleaseScriptCaches (5ms)
			RebuildScriptCaches (174ms)
			SetupLoadedEditorAssemblies (1625ms)
				LogAssemblyErrors (0ms)
				InitializePlatformSupportModulesInManaged (70ms)
				SetLoadedEditorAssemblies (4ms)
				RefreshPlugins (5ms)
				BeforeProcessingInitializeOnLoad (416ms)
				ProcessInitializeOnLoadAttributes (1085ms)
				ProcessInitializeOnLoadMethodAttributes (22ms)
				AfterProcessingInitializeOnLoad (23ms)
				EditorAssembliesLoaded (0ms)
			ExecutionOrderSort2 (0ms)
			AwakeInstancesAfterBackupRestoration (28ms)
Platform modules already initialized, skipping
Switching build target platform(19) subTarget(0) extendedPlatform(0) -> platform(13) subTarget(537395200) extendedPlatform(0)
Refreshing native plugins compatible for Editor in 3.90 ms, found 3 plugins.
Preloading 0 native plugins for Editor in 0.00 ms.
Unloading 3727 Unused Serialized files (Serialized files now loaded: 0)
System memory in use before: 148.4 MB.
System memory in use after: 148.7 MB.

Unloading 65 unused Assets to reduce memory usage. Loaded Objects now: 4202.
Total: 21.418200 ms (FindLiveObjects: 1.997000 ms CreateObjectMapping: 1.666100 ms MarkObjects: 17.632900 ms  DeleteObjects: 0.116900 ms)

AssetImportParameters requested are different than current active one (requested -> active):
  custom:framework-win-MediaFoundation: 216162199b28c13a410421893ffa2e32 -> 
  custom:video-decoder-ogg-theora: a1e56fd34408186e4bbccfd4996cb3dc -> 
  custom:container-muxer-webm: aa71ff27fc2769a1b78a27578f13a17b -> 
  custom:container-demuxer-webm: 4f35f7cbe854078d1ac9338744f61a02 -> 
  custom:container-demuxer-ogg: 62fdf1f143b41e24485cea50d1cbac27 -> 
  custom:video-encoder-webm-vp8: eb34c28f22e8b96e1ab97ce403110664 -> 
  custom:video-decoder-webm-vp8: 9c59270c3fd7afecdb556c50c9e8de78 -> 
  custom:graphics/normal-map-encoding: 01000000000000000000000000000000 -> 02000000000000000000000000000000
  custom:audio-decoder-ogg-vorbis: bf7c407c2cedff20999df2af8eb42d56 -> 
  custom:audio-encoder-webm-vorbis: bf7c407c2cedff20999df2af8eb42d56 -> 
========================================================================
Received Prepare
Registering precompiled user dll's ...
Registered in 0.016841 seconds.
Begin MonoManager ReloadAssembly
Native extension for LinuxStandalone target not found
Native extension for WindowsStandalone target not found
Native extension for OSXStandalone target not found
Refreshing native plugins compatible for Editor in 3.85 ms, found 3 plugins.
Preloading 0 native plugins for Editor in 0.00 ms.
Mono: successfully reloaded assembly
- Completed reload, in  4.630 seconds
Domain Reload Profiling:
	ReloadAssembly (4631ms)
		BeginReloadAssembly (408ms)
			ExecutionOrderSort (0ms)
			DisableScriptedObjects (23ms)
			BackupInstance (0ms)
			ReleaseScriptingObjects (0ms)
			CreateAndSetChildDomain (130ms)
		EndReloadAssembly (4001ms)
			LoadAssemblies (406ms)
			RebuildTransferFunctionScriptingTraits (0ms)
			SetupTypeCache (1301ms)
			ReleaseScriptCaches (9ms)
			RebuildScriptCaches (182ms)
			SetupLoadedEditorAssemblies (1561ms)
				LogAssemblyErrors (0ms)
				InitializePlatformSupportModulesInManaged (26ms)
				SetLoadedEditorAssemblies (3ms)
				RefreshPlugins (4ms)
				BeforeProcessingInitializeOnLoad (375ms)
				ProcessInitializeOnLoadAttributes (1106ms)
				ProcessInitializeOnLoadMethodAttributes (25ms)
				AfterProcessingInitializeOnLoad (23ms)
				EditorAssembliesLoaded (1ms)
			ExecutionOrderSort2 (0ms)
			AwakeInstancesAfterBackupRestoration (29ms)
Platform modules already initialized, skipping
Switching build target platform(19) subTarget(0) extendedPlatform(0) -> platform(13) subTarget(537395200) extendedPlatform(0)
Refreshing native plugins compatible for Editor in 3.74 ms, found 3 plugins.
Preloading 0 native plugins for Editor in 0.00 ms.
Unloading 3727 Unused Serialized files (Serialized files now loaded: 0)
System memory in use before: 148.4 MB.
System memory in use after: 148.7 MB.

Unloading 65 unused Assets to reduce memory usage. Loaded Objects now: 4204.
Total: 12.420100 ms (FindLiveObjects: 0.897200 ms CreateObjectMapping: 0.243900 ms MarkObjects: 10.625600 ms  DeleteObjects: 0.650100 ms)

AssetImportParameters requested are different than current active one (requested -> active):
  custom:framework-win-MediaFoundation: 216162199b28c13a410421893ffa2e32 -> 
  custom:video-decoder-ogg-theora: a1e56fd34408186e4bbccfd4996cb3dc -> 
  custom:container-muxer-webm: aa71ff27fc2769a1b78a27578f13a17b -> 
  custom:container-demuxer-webm: 4f35f7cbe854078d1ac9338744f61a02 -> 
  custom:container-demuxer-ogg: 62fdf1f143b41e24485cea50d1cbac27 -> 
  custom:video-encoder-webm-vp8: eb34c28f22e8b96e1ab97ce403110664 -> 
  custom:video-decoder-webm-vp8: 9c59270c3fd7afecdb556c50c9e8de78 -> 
  custom:graphics/normal-map-encoding: 01000000000000000000000000000000 -> 02000000000000000000000000000000
  custom:audio-decoder-ogg-vorbis: bf7c407c2cedff20999df2af8eb42d56 -> 
  custom:audio-encoder-webm-vorbis: bf7c407c2cedff20999df2af8eb42d56 -> 
========================================================================
Received Prepare
Registering precompiled user dll's ...
Registered in 0.024059 seconds.
Begin MonoManager ReloadAssembly
Native extension for LinuxStandalone target not found
Native extension for WindowsStandalone target not found
Native extension for OSXStandalone target not found
Refreshing native plugins compatible for Editor in 3.65 ms, found 3 plugins.
Preloading 0 native plugins for Editor in 0.00 ms.
Mono: successfully reloaded assembly
- Completed reload, in  8.824 seconds
Domain Reload Profiling:
	ReloadAssembly (8825ms)
		BeginReloadAssembly (728ms)
			ExecutionOrderSort (0ms)
			DisableScriptedObjects (24ms)
			BackupInstance (0ms)
			ReleaseScriptingObjects (0ms)
			CreateAndSetChildDomain (215ms)
		EndReloadAssembly (7671ms)
			LoadAssemblies (647ms)
			RebuildTransferFunctionScriptingTraits (0ms)
			SetupTypeCache (2167ms)
			ReleaseScriptCaches (8ms)
			RebuildScriptCaches (271ms)
			SetupLoadedEditorAssemblies (3288ms)
				LogAssemblyErrors (0ms)
				InitializePlatformSupportModulesInManaged (26ms)
				SetLoadedEditorAssemblies (1ms)
				RefreshPlugins (4ms)
				BeforeProcessingInitializeOnLoad (724ms)
				ProcessInitializeOnLoadAttributes (2482ms)
				ProcessInitializeOnLoadMethodAttributes (23ms)
				AfterProcessingInitializeOnLoad (27ms)
				EditorAssembliesLoaded (2ms)
			ExecutionOrderSort2 (0ms)
			AwakeInstancesAfterBackupRestoration (29ms)
Platform modules already initialized, skipping
Switching build target platform(19) subTarget(0) extendedPlatform(0) -> platform(13) subTarget(537395200) extendedPlatform(0)
Refreshing native plugins compatible for Editor in 3.34 ms, found 3 plugins.
Preloading 0 native plugins for Editor in 0.00 ms.
Unloading 3727 Unused Serialized files (Serialized files now loaded: 0)
System memory in use before: 148.4 MB.
System memory in use after: 148.7 MB.

Unloading 65 unused Assets to reduce memory usage. Loaded Objects now: 4206.
Total: 13.795500 ms (FindLiveObjects: 1.365700 ms CreateObjectMapping: 0.514800 ms MarkObjects: 11.811300 ms  DeleteObjects: 0.100100 ms)

AssetImportParameters requested are different than current active one (requested -> active):
  custom:framework-win-MediaFoundation: 216162199b28c13a410421893ffa2e32 -> 
  custom:video-decoder-ogg-theora: a1e56fd34408186e4bbccfd4996cb3dc -> 
  custom:container-muxer-webm: aa71ff27fc2769a1b78a27578f13a17b -> 
  custom:container-demuxer-webm: 4f35f7cbe854078d1ac9338744f61a02 -> 
  custom:container-demuxer-ogg: 62fdf1f143b41e24485cea50d1cbac27 -> 
  custom:video-encoder-webm-vp8: eb34c28f22e8b96e1ab97ce403110664 -> 
  custom:video-decoder-webm-vp8: 9c59270c3fd7afecdb556c50c9e8de78 -> 
  custom:graphics/normal-map-encoding: 01000000000000000000000000000000 -> 02000000000000000000000000000000
  custom:audio-decoder-ogg-vorbis: bf7c407c2cedff20999df2af8eb42d56 -> 
  custom:audio-encoder-webm-vorbis: bf7c407c2cedff20999df2af8eb42d56 -> 
========================================================================
Received Prepare
Registering precompiled user dll's ...
Registered in 0.024812 seconds.
Begin MonoManager ReloadAssembly
Native extension for LinuxStandalone target not found
Native extension for WindowsStandalone target not found
Native extension for OSXStandalone target not found
Refreshing native plugins compatible for Editor in 3.73 ms, found 3 plugins.
Preloading 0 native plugins for Editor in 0.00 ms.
Mono: successfully reloaded assembly
- Completed reload, in  6.318 seconds
Domain Reload Profiling:
	ReloadAssembly (6323ms)
		BeginReloadAssembly (1004ms)
			ExecutionOrderSort (0ms)
			DisableScriptedObjects (48ms)
			BackupInstance (0ms)
			ReleaseScriptingObjects (0ms)
			CreateAndSetChildDomain (370ms)
		EndReloadAssembly (4684ms)
			LoadAssemblies (755ms)
			RebuildTransferFunctionScriptingTraits (0ms)
			SetupTypeCache (1476ms)
			ReleaseScriptCaches (7ms)
			RebuildScriptCaches (153ms)
			SetupLoadedEditorAssemblies (1836ms)
				LogAssemblyErrors (0ms)
				InitializePlatformSupportModulesInManaged (24ms)
				SetLoadedEditorAssemblies (5ms)
				RefreshPlugins (4ms)
				BeforeProcessingInitializeOnLoad (469ms)
				ProcessInitializeOnLoadAttributes (1267ms)
				ProcessInitializeOnLoadMethodAttributes (35ms)
				AfterProcessingInitializeOnLoad (32ms)
				EditorAssembliesLoaded (0ms)
			ExecutionOrderSort2 (0ms)
			AwakeInstancesAfterBackupRestoration (42ms)
Platform modules already initialized, skipping
Switching build target platform(19) subTarget(0) extendedPlatform(0) -> platform(13) subTarget(537395200) extendedPlatform(0)
Refreshing native plugins compatible for Editor in 6.84 ms, found 3 plugins.
Preloading 0 native plugins for Editor in 0.00 ms.
Unloading 3727 Unused Serialized files (Serialized files now loaded: 0)
System memory in use before: 148.5 MB.
System memory in use after: 148.7 MB.

Unloading 65 unused Assets to reduce memory usage. Loaded Objects now: 4208.
Total: 13.189700 ms (FindLiveObjects: 1.145900 ms CreateObjectMapping: 0.381900 ms MarkObjects: 11.552100 ms  DeleteObjects: 0.106800 ms)

AssetImportParameters requested are different than current active one (requested -> active):
  custom:framework-win-MediaFoundation: 216162199b28c13a410421893ffa2e32 -> 
  custom:video-decoder-ogg-theora: a1e56fd34408186e4bbccfd4996cb3dc -> 
  custom:container-muxer-webm: aa71ff27fc2769a1b78a27578f13a17b -> 
  custom:container-demuxer-webm: 4f35f7cbe854078d1ac9338744f61a02 -> 
  custom:container-demuxer-ogg: 62fdf1f143b41e24485cea50d1cbac27 -> 
  custom:video-encoder-webm-vp8: eb34c28f22e8b96e1ab97ce403110664 -> 
  custom:video-decoder-webm-vp8: 9c59270c3fd7afecdb556c50c9e8de78 -> 
  custom:graphics/normal-map-encoding: 01000000000000000000000000000000 -> 02000000000000000000000000000000
  custom:audio-decoder-ogg-vorbis: bf7c407c2cedff20999df2af8eb42d56 -> 
  custom:audio-encoder-webm-vorbis: bf7c407c2cedff20999df2af8eb42d56 -> 
========================================================================
Received Prepare
Registering precompiled user dll's ...
Registered in 0.030780 seconds.
Begin MonoManager ReloadAssembly
Native extension for LinuxStandalone target not found
Native extension for WindowsStandalone target not found
Native extension for OSXStandalone target not found
Refreshing native plugins compatible for Editor in 3.65 ms, found 3 plugins.
Preloading 0 native plugins for Editor in 0.00 ms.
Mono: successfully reloaded assembly
- Completed reload, in  4.969 seconds
Domain Reload Profiling:
	ReloadAssembly (4970ms)
		BeginReloadAssembly (546ms)
			ExecutionOrderSort (0ms)
			DisableScriptedObjects (36ms)
			BackupInstance (0ms)
			ReleaseScriptingObjects (0ms)
			CreateAndSetChildDomain (188ms)
		EndReloadAssembly (4058ms)
			LoadAssemblies (484ms)
			RebuildTransferFunctionScriptingTraits (0ms)
			SetupTypeCache (1310ms)
			ReleaseScriptCaches (5ms)
			RebuildScriptCaches (147ms)
			SetupLoadedEditorAssemblies (1566ms)
				LogAssemblyErrors (0ms)
				InitializePlatformSupportModulesInManaged (22ms)
				SetLoadedEditorAssemblies (1ms)
				RefreshPlugins (4ms)
				BeforeProcessingInitializeOnLoad (393ms)
				ProcessInitializeOnLoadAttributes (1099ms)
				ProcessInitializeOnLoadMethodAttributes (27ms)
				AfterProcessingInitializeOnLoad (20ms)
				EditorAssembliesLoaded (1ms)
			ExecutionOrderSort2 (0ms)
			AwakeInstancesAfterBackupRestoration (32ms)
Platform modules already initialized, skipping
Switching build target platform(19) subTarget(0) extendedPlatform(0) -> platform(13) subTarget(537395200) extendedPlatform(0)
Refreshing native plugins compatible for Editor in 3.02 ms, found 3 plugins.
Preloading 0 native plugins for Editor in 0.00 ms.
Unloading 3727 Unused Serialized files (Serialized files now loaded: 0)
System memory in use before: 148.5 MB.
System memory in use after: 148.7 MB.

Unloading 65 unused Assets to reduce memory usage. Loaded Objects now: 4210.
Total: 12.039400 ms (FindLiveObjects: 1.504100 ms CreateObjectMapping: 0.677200 ms MarkObjects: 9.766300 ms  DeleteObjects: 0.088300 ms)

AssetImportParameters requested are different than current active one (requested -> active):
  custom:framework-win-MediaFoundation: 216162199b28c13a410421893ffa2e32 -> 
  custom:video-decoder-ogg-theora: a1e56fd34408186e4bbccfd4996cb3dc -> 
  custom:container-muxer-webm: aa71ff27fc2769a1b78a27578f13a17b -> 
  custom:container-demuxer-webm: 4f35f7cbe854078d1ac9338744f61a02 -> 
  custom:container-demuxer-ogg: 62fdf1f143b41e24485cea50d1cbac27 -> 
  custom:video-encoder-webm-vp8: eb34c28f22e8b96e1ab97ce403110664 -> 
  custom:video-decoder-webm-vp8: 9c59270c3fd7afecdb556c50c9e8de78 -> 
  custom:graphics/normal-map-encoding: 01000000000000000000000000000000 -> 02000000000000000000000000000000
  custom:audio-decoder-ogg-vorbis: bf7c407c2cedff20999df2af8eb42d56 -> 
  custom:audio-encoder-webm-vorbis: bf7c407c2cedff20999df2af8eb42d56 -> 
AssetImportWorkerClient::OnTransportError - code=2 error=End of file
